2025-04-22 14:36:18,746 - INFO - Successfully initialized session with EarnKaro
2025-04-22 14:36:19,471 - INFO - Starting bot...
2025-04-22 14:36:20,114 - INFO - HTTP Request: POST https://api.telegram.org/bot8016483799:AAEq91dE6HJv7j2sHlHc4zXKYF6h7gOV4xk/getMe "HTTP/1.1 200 OK"
2025-04-22 14:36:20,298 - INFO - HTTP Request: POST https://api.telegram.org/bot8016483799:AAEq91dE6HJv7j2sHlHc4zXKYF6h7gOV4xk/deleteWebhook "HTTP/1.1 200 OK"
2025-04-22 14:36:20,301 - INFO - Scheduler started
2025-04-22 14:36:20,301 - INFO - Application started
2025-04-22 14:36:30,806 - INFO - HTTP Request: POST https://api.telegram.org/bot8016483799:AAEq91dE6HJv7j2sHlHc4zXKYF6h7gOV4xk/getUpdates "HTTP/1.1 200 OK"
2025-04-22 14:36:40,971 - INFO - HTTP Request: POST https://api.telegram.org/bot8016483799:AAEq91dE6HJv7j2sHlHc4zXKYF6h7gOV4xk/getUpdates "HTTP/1.1 200 OK"
2025-04-22 14:36:51,140 - INFO - HTTP Request: POST https://api.telegram.org/bot8016483799:AAEq91dE6HJv7j2sHlHc4zXKYF6h7gOV4xk/getUpdates "HTTP/1.1 200 OK"
2025-04-22 14:36:57,046 - INFO - HTTP Request: POST https://api.telegram.org/bot8016483799:AAEq91dE6HJv7j2sHlHc4zXKYF6h7gOV4xk/getUpdates "HTTP/1.1 200 OK"
2025-04-22 14:36:57,786 - INFO - HTTP Request: POST https://api.telegram.org/bot8016483799:AAEq91dE6HJv7j2sHlHc4zXKYF6h7gOV4xk/sendMessage "HTTP/1.1 200 OK"
2025-04-22 14:36:57,787 - INFO - Attempting to login to EarnKaro...
2025-04-22 14:36:57,787 - INFO - Fetching login page: https://earnkaro.com/login
2025-04-22 14:37:01,596 - INFO - Found login form with action: No action
2025-04-22 14:37:01,597 - INFO - Form method: post
2025-04-22 14:37:01,597 - WARNING - No CSRF token found in the form
2025-04-22 14:37:01,597 - INFO - Submitting login form to: https://earnkaro.com/login
2025-04-22 14:37:03,064 - INFO - Login response status code: 403
2025-04-22 14:37:03,064 - INFO - Login response URL: https://earnkaro.com/login
2025-04-22 14:37:03,065 - INFO - Login response headers: {'Server': 'CloudFront', 'Date': 'Tue, 22 Apr 2025 09:07:04 GMT', 'Content-Type': 'text/html', 'Content-Length': '1053', 'Connection': 'keep-alive', 'X-Cache': 'Error from cloudfront', 'Via': '1.1 83fecc03a907f794bfd640c5542355aa.cloudfront.net (CloudFront)', 'X-Amz-Cf-Pop': 'MAA50-P2', 'X-Amz-Cf-Id': '244Tbet0eaqYIdro6Zf7x7YrcKSOueuabbo8DvF_npmTnQNl3GwcSw=='}
2025-04-22 14:37:03,066 - ERROR - Login request failed with status code: 403
2025-04-22 14:37:03,066 - ERROR - Response content: <!DOCTYPE HTML PUBLIC "-//W3C//DTD HTML 4.01 Transitional//EN" "http://www.w3.org/TR/html4/loose.dtd">
<HTML><HEAD><META HTTP-EQUIV="Content-Type" CONTENT="text/html; charset=iso-8859-1">
<TITLE>ERROR: The request could not be satisfied</TITLE>
</HEAD><BODY>
<H1>403 ERROR</H1>
<H2>The request could not be satisfied.</H2>
<HR noshade size="1px">
This distribution is not configured to allow the HTTP request method that was used for this request. The distribution supports only cachable requests.
We can't connect to the server for this app or website at this time. There might be too much traffic or a configuration error. Try again later, or contact the app or website owner.
<BR clear="all">
If you provide content to customers through CloudFront, you can find steps to troubleshoot and help prevent this error by reviewing the CloudFront documentation.
<BR clear="all">
<HR noshade size="1px">
<PRE>
Generated by cloudfront (CloudFront)
Request ID: 244Tbet0eaqYIdro6Zf7x7YrcKSOueuabbo8DvF_npmTnQ
2025-04-22 14:37:03,066 - ERROR - Failed to login to EarnKaro
2025-04-22 14:37:03,809 - INFO - HTTP Request: POST https://api.telegram.org/bot8016483799:AAEq91dE6HJv7j2sHlHc4zXKYF6h7gOV4xk/sendMessage "HTTP/1.1 200 OK"
2025-04-22 14:37:10,465 - INFO - HTTP Request: POST https://api.telegram.org/bot8016483799:AAEq91dE6HJv7j2sHlHc4zXKYF6h7gOV4xk/getUpdates "HTTP/1.1 200 OK"
2025-04-22 14:37:20,643 - INFO - HTTP Request: POST https://api.telegram.org/bot8016483799:AAEq91dE6HJv7j2sHlHc4zXKYF6h7gOV4xk/getUpdates "HTTP/1.1 200 OK"
2025-04-22 14:37:30,817 - INFO - HTTP Request: POST https://api.telegram.org/bot8016483799:AAEq91dE6HJv7j2sHlHc4zXKYF6h7gOV4xk/getUpdates "HTTP/1.1 200 OK"
2025-04-22 14:37:40,990 - INFO - HTTP Request: POST https://api.telegram.org/bot8016483799:AAEq91dE6HJv7j2sHlHc4zXKYF6h7gOV4xk/getUpdates "HTTP/1.1 200 OK"
2025-04-22 14:37:51,163 - INFO - HTTP Request: POST https://api.telegram.org/bot8016483799:AAEq91dE6HJv7j2sHlHc4zXKYF6h7gOV4xk/getUpdates "HTTP/1.1 200 OK"
2025-04-22 14:37:54,377 - INFO - HTTP Request: POST https://api.telegram.org/bot8016483799:AAEq91dE6HJv7j2sHlHc4zXKYF6h7gOV4xk/getUpdates "HTTP/1.1 200 OK"
2025-04-22 14:37:54,378 - INFO - Application is stopping. This might take a moment.
2025-04-22 14:37:54,379 - INFO - Scheduler has been shut down
2025-04-22 14:37:54,398 - INFO - Application.stop() complete
2025-04-22 14:57:26,637 - INFO - Successfully initialized session with EarnKaro
2025-04-22 14:57:27,540 - INFO - Starting bot...
2025-04-22 14:57:28,152 - INFO - HTTP Request: POST https://api.telegram.org/bot8016483799:AAEq91dE6HJv7j2sHlHc4zXKYF6h7gOV4xk/getMe "HTTP/1.1 200 OK"
2025-04-22 14:57:28,314 - INFO - HTTP Request: POST https://api.telegram.org/bot8016483799:AAEq91dE6HJv7j2sHlHc4zXKYF6h7gOV4xk/deleteWebhook "HTTP/1.1 200 OK"
2025-04-22 14:57:28,317 - INFO - Scheduler started
2025-04-22 14:57:28,317 - INFO - Application started
2025-04-22 14:57:38,849 - INFO - HTTP Request: POST https://api.telegram.org/bot8016483799:AAEq91dE6HJv7j2sHlHc4zXKYF6h7gOV4xk/getUpdates "HTTP/1.1 200 OK"
2025-04-22 14:57:48,045 - INFO - HTTP Request: POST https://api.telegram.org/bot8016483799:AAEq91dE6HJv7j2sHlHc4zXKYF6h7gOV4xk/getUpdates "HTTP/1.1 200 OK"
2025-04-22 14:57:48,740 - INFO - HTTP Request: POST https://api.telegram.org/bot8016483799:AAEq91dE6HJv7j2sHlHc4zXKYF6h7gOV4xk/sendMessage "HTTP/1.1 200 OK"
2025-04-22 14:57:48,741 - INFO - Attempting to login to EarnKaro...
2025-04-22 14:57:48,741 - INFO - Fetching login page: https://earnkaro.com/login
2025-04-22 14:57:51,125 - INFO - Found login form with action: No action
2025-04-22 14:57:51,125 - INFO - Form method: post
2025-04-22 14:57:51,125 - WARNING - No CSRF token found in the form
2025-04-22 14:57:51,125 - INFO - Submitting login form to: https://earnkaro.com/login
2025-04-22 14:57:53,040 - INFO - Login response status code: 403
2025-04-22 14:57:53,040 - INFO - Login response URL: https://earnkaro.com/login
2025-04-22 14:57:53,040 - INFO - Login response headers: {'Server': 'CloudFront', 'Date': 'Tue, 22 Apr 2025 09:27:54 GMT', 'Content-Type': 'text/html', 'Content-Length': '1053', 'Connection': 'keep-alive', 'X-Cache': 'Error from cloudfront', 'Via': '1.1 3dd198c401d2818ac75c3d1ad6da5464.cloudfront.net (CloudFront)', 'X-Amz-Cf-Pop': 'MAA50-P2', 'X-Amz-Cf-Id': '6U3Jyxdc0Shh46kaFO9yoqSbEjox6gE36nzVx4s8smXuDe5eBHKEEA=='}
2025-04-22 14:57:53,041 - ERROR - Login request failed with status code: 403
2025-04-22 14:57:53,041 - ERROR - Response content: <!DOCTYPE HTML PUBLIC "-//W3C//DTD HTML 4.01 Transitional//EN" "http://www.w3.org/TR/html4/loose.dtd">
<HTML><HEAD><META HTTP-EQUIV="Content-Type" CONTENT="text/html; charset=iso-8859-1">
<TITLE>ERROR: The request could not be satisfied</TITLE>
</HEAD><BODY>
<H1>403 ERROR</H1>
<H2>The request could not be satisfied.</H2>
<HR noshade size="1px">
This distribution is not configured to allow the HTTP request method that was used for this request. The distribution supports only cachable requests.
We can't connect to the server for this app or website at this time. There might be too much traffic or a configuration error. Try again later, or contact the app or website owner.
<BR clear="all">
If you provide content to customers through CloudFront, you can find steps to troubleshoot and help prevent this error by reviewing the CloudFront documentation.
<BR clear="all">
<HR noshade size="1px">
<PRE>
Generated by cloudfront (CloudFront)
Request ID: 6U3Jyxdc0Shh46kaFO9yoqSbEjox6gE36nzVx4s8smXuDe
2025-04-22 14:57:53,041 - ERROR - Failed to login to EarnKaro
2025-04-22 14:57:53,397 - INFO - HTTP Request: POST https://api.telegram.org/bot8016483799:AAEq91dE6HJv7j2sHlHc4zXKYF6h7gOV4xk/sendMessage "HTTP/1.1 200 OK"
2025-04-22 14:57:58,222 - INFO - HTTP Request: POST https://api.telegram.org/bot8016483799:AAEq91dE6HJv7j2sHlHc4zXKYF6h7gOV4xk/getUpdates "HTTP/1.1 200 OK"
2025-04-22 14:58:08,392 - INFO - HTTP Request: POST https://api.telegram.org/bot8016483799:AAEq91dE6HJv7j2sHlHc4zXKYF6h7gOV4xk/getUpdates "HTTP/1.1 200 OK"
2025-04-22 14:58:18,561 - INFO - HTTP Request: POST https://api.telegram.org/bot8016483799:AAEq91dE6HJv7j2sHlHc4zXKYF6h7gOV4xk/getUpdates "HTTP/1.1 200 OK"
2025-04-22 15:00:51,960 - INFO - Successfully initialized session with EarnKaro
2025-04-22 15:00:51,962 - INFO - Cache cleared before scraping
2025-04-22 15:00:51,962 - INFO - Attempting to login to EarnKaro...
2025-04-22 15:00:51,962 - INFO - Fetching login page: https://earnkaro.com/login
2025-04-22 15:00:54,675 - INFO - Found login form with action: No action
2025-04-22 15:00:54,675 - INFO - Form method: post
2025-04-22 15:00:54,675 - WARNING - No CSRF token found in the form
2025-04-22 15:00:54,675 - INFO - Submitting login form to: https://earnkaro.com/login
2025-04-22 15:00:56,059 - INFO - Login response status code: 403
2025-04-22 15:00:56,059 - INFO - Login response URL: https://earnkaro.com/login
2025-04-22 15:00:56,059 - INFO - Login response headers: {'Server': 'CloudFront', 'Date': 'Tue, 22 Apr 2025 09:30:57 GMT', 'Content-Type': 'text/html', 'Content-Length': '1053', 'Connection': 'keep-alive', 'X-Cache': 'Error from cloudfront', 'Via': '1.1 3bd73c95ac9317f6ae4c0c2c78d61492.cloudfront.net (CloudFront)', 'X-Amz-Cf-Pop': 'MAA50-P2', 'X-Amz-Cf-Id': 'PlpP_HkGCD-3TxGo1qW7DWBvl3JFMyyB3Ngd4bIIneq-IMRH_mdzpw=='}
2025-04-22 15:00:56,059 - ERROR - Login request failed with status code: 403
2025-04-22 15:00:56,059 - ERROR - Response content: <!DOCTYPE HTML PUBLIC "-//W3C//DTD HTML 4.01 Transitional//EN" "http://www.w3.org/TR/html4/loose.dtd">
<HTML><HEAD><META HTTP-EQUIV="Content-Type" CONTENT="text/html; charset=iso-8859-1">
<TITLE>ERROR: The request could not be satisfied</TITLE>
</HEAD><BODY>
<H1>403 ERROR</H1>
<H2>The request could not be satisfied.</H2>
<HR noshade size="1px">
This distribution is not configured to allow the HTTP request method that was used for this request. The distribution supports only cachable requests.
We can't connect to the server for this app or website at this time. There might be too much traffic or a configuration error. Try again later, or contact the app or website owner.
<BR clear="all">
If you provide content to customers through CloudFront, you can find steps to troubleshoot and help prevent this error by reviewing the CloudFront documentation.
<BR clear="all">
<HR noshade size="1px">
<PRE>
Generated by cloudfront (CloudFront)
Request ID: PlpP_HkGCD-3TxGo1qW7DWBvl3JFMyyB3Ngd4bIIneq-IM
2025-04-22 15:00:56,060 - ERROR - Failed to login to EarnKaro
2025-04-22 15:01:21,550 - INFO - Successfully initialized session with EarnKaro
2025-04-22 15:01:22,190 - INFO - Starting bot...
2025-04-22 15:01:22,802 - INFO - HTTP Request: POST https://api.telegram.org/bot8016483799:AAEq91dE6HJv7j2sHlHc4zXKYF6h7gOV4xk/getMe "HTTP/1.1 200 OK"
2025-04-22 15:01:22,976 - INFO - HTTP Request: POST https://api.telegram.org/bot8016483799:AAEq91dE6HJv7j2sHlHc4zXKYF6h7gOV4xk/deleteWebhook "HTTP/1.1 200 OK"
2025-04-22 15:01:22,978 - INFO - Scheduler started
2025-04-22 15:01:22,979 - INFO - Application started
2025-04-22 15:01:32,997 - INFO - HTTP Request: POST https://api.telegram.org/bot8016483799:AAEq91dE6HJv7j2sHlHc4zXKYF6h7gOV4xk/getUpdates "HTTP/1.1 200 OK"
2025-04-22 15:01:33,713 - INFO - HTTP Request: POST https://api.telegram.org/bot8016483799:AAEq91dE6HJv7j2sHlHc4zXKYF6h7gOV4xk/sendMessage "HTTP/1.1 200 OK"
2025-04-22 15:01:33,714 - INFO - Attempting to login to EarnKaro...
2025-04-22 15:01:33,714 - INFO - Fetching login page: https://earnkaro.com/login
2025-04-22 15:01:35,966 - INFO - Found login form with action: No action
2025-04-22 15:01:35,966 - INFO - Form method: post
2025-04-22 15:01:35,967 - WARNING - No CSRF token found in the form
2025-04-22 15:01:35,967 - INFO - Submitting login form to: https://earnkaro.com/login
2025-04-22 15:01:37,434 - INFO - Login response status code: 403
2025-04-22 15:01:37,435 - INFO - Login response URL: https://earnkaro.com/login
2025-04-22 15:01:37,435 - INFO - Login response headers: {'Server': 'CloudFront', 'Date': 'Tue, 22 Apr 2025 09:31:39 GMT', 'Content-Type': 'text/html', 'Content-Length': '1053', 'Connection': 'keep-alive', 'X-Cache': 'Error from cloudfront', 'Via': '1.1 440db74cad7e7ff55da1ebcfc680bc02.cloudfront.net (CloudFront)', 'X-Amz-Cf-Pop': 'MAA50-P2', 'X-Amz-Cf-Id': 'aQTuSoYBSquIj5iP5hWtH_Te1OtF_j7MxqW17b6I_u9MY8a0k6qsSA=='}
2025-04-22 15:01:37,435 - ERROR - Login request failed with status code: 403
2025-04-22 15:01:37,435 - ERROR - Response content: <!DOCTYPE HTML PUBLIC "-//W3C//DTD HTML 4.01 Transitional//EN" "http://www.w3.org/TR/html4/loose.dtd">
<HTML><HEAD><META HTTP-EQUIV="Content-Type" CONTENT="text/html; charset=iso-8859-1">
<TITLE>ERROR: The request could not be satisfied</TITLE>
</HEAD><BODY>
<H1>403 ERROR</H1>
<H2>The request could not be satisfied.</H2>
<HR noshade size="1px">
This distribution is not configured to allow the HTTP request method that was used for this request. The distribution supports only cachable requests.
We can't connect to the server for this app or website at this time. There might be too much traffic or a configuration error. Try again later, or contact the app or website owner.
<BR clear="all">
If you provide content to customers through CloudFront, you can find steps to troubleshoot and help prevent this error by reviewing the CloudFront documentation.
<BR clear="all">
<HR noshade size="1px">
<PRE>
Generated by cloudfront (CloudFront)
Request ID: aQTuSoYBSquIj5iP5hWtH_Te1OtF_j7MxqW17b6I_u9MY8
2025-04-22 15:01:37,435 - ERROR - Failed to login to EarnKaro
2025-04-22 15:01:37,862 - INFO - HTTP Request: POST https://api.telegram.org/bot8016483799:AAEq91dE6HJv7j2sHlHc4zXKYF6h7gOV4xk/sendMessage "HTTP/1.1 200 OK"
2025-04-22 15:01:43,190 - INFO - HTTP Request: POST https://api.telegram.org/bot8016483799:AAEq91dE6HJv7j2sHlHc4zXKYF6h7gOV4xk/getUpdates "HTTP/1.1 200 OK"
2025-04-22 15:01:53,372 - INFO - HTTP Request: POST https://api.telegram.org/bot8016483799:AAEq91dE6HJv7j2sHlHc4zXKYF6h7gOV4xk/getUpdates "HTTP/1.1 200 OK"
2025-04-22 15:02:03,547 - INFO - HTTP Request: POST https://api.telegram.org/bot8016483799:AAEq91dE6HJv7j2sHlHc4zXKYF6h7gOV4xk/getUpdates "HTTP/1.1 200 OK"
2025-04-22 15:02:13,714 - INFO - HTTP Request: POST https://api.telegram.org/bot8016483799:AAEq91dE6HJv7j2sHlHc4zXKYF6h7gOV4xk/getUpdates "HTTP/1.1 200 OK"
2025-04-22 15:02:23,876 - INFO - HTTP Request: POST https://api.telegram.org/bot8016483799:AAEq91dE6HJv7j2sHlHc4zXKYF6h7gOV4xk/getUpdates "HTTP/1.1 200 OK"
2025-04-22 15:02:34,047 - INFO - HTTP Request: POST https://api.telegram.org/bot8016483799:AAEq91dE6HJv7j2sHlHc4zXKYF6h7gOV4xk/getUpdates "HTTP/1.1 200 OK"
2025-04-22 15:02:44,223 - INFO - HTTP Request: POST https://api.telegram.org/bot8016483799:AAEq91dE6HJv7j2sHlHc4zXKYF6h7gOV4xk/getUpdates "HTTP/1.1 200 OK"
2025-04-22 15:02:54,392 - INFO - HTTP Request: POST https://api.telegram.org/bot8016483799:AAEq91dE6HJv7j2sHlHc4zXKYF6h7gOV4xk/getUpdates "HTTP/1.1 200 OK"
2025-04-22 15:03:04,559 - INFO - HTTP Request: POST https://api.telegram.org/bot8016483799:AAEq91dE6HJv7j2sHlHc4zXKYF6h7gOV4xk/getUpdates "HTTP/1.1 200 OK"
2025-04-22 15:03:14,723 - INFO - HTTP Request: POST https://api.telegram.org/bot8016483799:AAEq91dE6HJv7j2sHlHc4zXKYF6h7gOV4xk/getUpdates "HTTP/1.1 200 OK"
2025-04-22 15:03:24,889 - INFO - HTTP Request: POST https://api.telegram.org/bot8016483799:AAEq91dE6HJv7j2sHlHc4zXKYF6h7gOV4xk/getUpdates "HTTP/1.1 200 OK"
2025-04-22 15:03:35,060 - INFO - HTTP Request: POST https://api.telegram.org/bot8016483799:AAEq91dE6HJv7j2sHlHc4zXKYF6h7gOV4xk/getUpdates "HTTP/1.1 200 OK"
2025-04-22 15:03:45,227 - INFO - HTTP Request: POST https://api.telegram.org/bot8016483799:AAEq91dE6HJv7j2sHlHc4zXKYF6h7gOV4xk/getUpdates "HTTP/1.1 200 OK"
2025-04-22 15:03:52,036 - INFO - Successfully initialized session with EarnKaro
2025-04-22 15:03:52,038 - INFO - Cache cleared before scraping
2025-04-22 15:03:52,038 - INFO - Attempting to login to EarnKaro...
2025-04-22 15:03:52,038 - INFO - Fetching login page: https://earnkaro.com/login
2025-04-22 15:03:55,925 - INFO - Found login form with action: No action
2025-04-22 15:03:55,925 - INFO - Form method: post
2025-04-22 15:03:55,926 - WARNING - No CSRF token found in the form
2025-04-22 15:03:55,926 - INFO - Submitting login form to: https://earnkaro.com/login
2025-04-22 15:03:56,951 - INFO - Login response status code: 403
2025-04-22 15:03:56,951 - INFO - Login response URL: https://earnkaro.com/login
2025-04-22 15:03:56,951 - INFO - Login response headers: {'Server': 'CloudFront', 'Date': 'Tue, 22 Apr 2025 09:33:58 GMT', 'Content-Type': 'text/html', 'Content-Length': '1053', 'Connection': 'keep-alive', 'X-Cache': 'Error from cloudfront', 'Via': '1.1 47317de990626a64120c4cf8465cbec0.cloudfront.net (CloudFront)', 'X-Amz-Cf-Pop': 'MAA50-P2', 'X-Amz-Cf-Id': 'YB3UKRMMpQ_-m0VKnCiHDOea7ycMZTzHBfmPDCYowTaSxsert_V-Lg=='}
2025-04-22 15:03:56,951 - ERROR - Login request failed with status code: 403
2025-04-22 15:03:56,951 - ERROR - Response content: <!DOCTYPE HTML PUBLIC "-//W3C//DTD HTML 4.01 Transitional//EN" "http://www.w3.org/TR/html4/loose.dtd">
<HTML><HEAD><META HTTP-EQUIV="Content-Type" CONTENT="text/html; charset=iso-8859-1">
<TITLE>ERROR: The request could not be satisfied</TITLE>
</HEAD><BODY>
<H1>403 ERROR</H1>
<H2>The request could not be satisfied.</H2>
<HR noshade size="1px">
This distribution is not configured to allow the HTTP request method that was used for this request. The distribution supports only cachable requests.
We can't connect to the server for this app or website at this time. There might be too much traffic or a configuration error. Try again later, or contact the app or website owner.
<BR clear="all">
If you provide content to customers through CloudFront, you can find steps to troubleshoot and help prevent this error by reviewing the CloudFront documentation.
<BR clear="all">
<HR noshade size="1px">
<PRE>
Generated by cloudfront (CloudFront)
Request ID: YB3UKRMMpQ_-m0VKnCiHDOea7ycMZTzHBfmPDCYowTaSxs
2025-04-22 15:03:56,952 - ERROR - Failed to login to EarnKaro
2025-04-22 15:07:29,273 - INFO - Successfully initialized session with EarnKaro
2025-04-22 15:07:29,278 - INFO - Cache cleared before scraping
2025-04-22 15:07:29,278 - INFO - Attempting to login to EarnKaro...
2025-04-22 15:07:29,278 - INFO - Fetching login page: https://earnkaro.com/login
2025-04-22 15:07:31,839 - INFO - Found login form with action: No action
2025-04-22 15:07:31,839 - INFO - Form method: post
2025-04-22 15:07:31,840 - WARNING - No CSRF token found in the form
2025-04-22 15:07:31,840 - INFO - Submitting login form to: https://earnkaro.com/login
2025-04-22 15:07:33,765 - INFO - Login response status code: 403
2025-04-22 15:07:33,765 - INFO - Login response URL: https://earnkaro.com/login
2025-04-22 15:07:33,765 - INFO - Login response headers: {'Server': 'CloudFront', 'Date': 'Tue, 22 Apr 2025 09:37:35 GMT', 'Content-Type': 'text/html', 'Content-Length': '1053', 'Connection': 'keep-alive', 'X-Cache': 'Error from cloudfront', 'Via': '1.1 7612a73f5c5a0e1992037f5e372c84e4.cloudfront.net (CloudFront)', 'X-Amz-Cf-Pop': 'MAA50-P2', 'X-Amz-Cf-Id': '11S3Nu4LA5bgziN0jCKysdvsKtmIr6KHyytJlR4SOhEXb5Q9LYWUsg=='}
2025-04-22 15:07:33,765 - ERROR - Login request failed with status code: 403
2025-04-22 15:07:33,765 - ERROR - Response content: <!DOCTYPE HTML PUBLIC "-//W3C//DTD HTML 4.01 Transitional//EN" "http://www.w3.org/TR/html4/loose.dtd">
<HTML><HEAD><META HTTP-EQUIV="Content-Type" CONTENT="text/html; charset=iso-8859-1">
<TITLE>ERROR: The request could not be satisfied</TITLE>
</HEAD><BODY>
<H1>403 ERROR</H1>
<H2>The request could not be satisfied.</H2>
<HR noshade size="1px">
This distribution is not configured to allow the HTTP request method that was used for this request. The distribution supports only cachable requests.
We can't connect to the server for this app or website at this time. There might be too much traffic or a configuration error. Try again later, or contact the app or website owner.
<BR clear="all">
If you provide content to customers through CloudFront, you can find steps to troubleshoot and help prevent this error by reviewing the CloudFront documentation.
<BR clear="all">
<HR noshade size="1px">
<PRE>
Generated by cloudfront (CloudFront)
Request ID: 11S3Nu4LA5bgziN0jCKysdvsKtmIr6KHyytJlR4SOhEXb5
2025-04-22 15:07:33,766 - ERROR - Failed to login to EarnKaro
2025-04-22 15:17:44,891 - INFO - Successfully initialized session with ek.affiliaters.in
2025-04-22 15:17:44,895 - INFO - Cache cleared before scraping
2025-04-22 15:17:44,896 - INFO - Attempting to login to ek.affiliaters.in...
2025-04-22 15:17:44,896 - INFO - Fetching login page: https://ek.affiliaters.in/login
2025-04-22 15:17:47,097 - ERROR - No login form found on the page
2025-04-22 15:17:47,098 - WARNING - No CSRF token found in the form
2025-04-22 15:17:47,098 - INFO - Submitting login form to: https://ek.affiliaters.in/login
2025-04-22 15:17:48,228 - INFO - Login response status code: 200
2025-04-22 15:17:48,228 - INFO - Login response URL: https://ek.affiliaters.in/login
2025-04-22 15:17:48,228 - INFO - Login response headers: {'Content-Type': 'text/html', 'Transfer-Encoding': 'chunked', 'Connection': 'keep-alive', 'Vary': 'Accept-Encoding', 'Date': 'Tue, 22 Apr 2025 09:47:49 GMT', 'server': 'AmazonS3', 'etag': 'W/"dea75f184973dd5752909ac9d46aee8f"', 'last-modified': 'Fri, 11 Apr 2025 06:41:25 GMT', 'cache-control': 'public, max-age=0, s-maxage=31536000', 'Content-Encoding': 'br', 'X-Cache': 'Miss from cloudfront', 'Via': '1.1 ac7f86953c14e20f2f8ac129a44475d0.cloudfront.net (CloudFront)', 'X-Amz-Cf-Pop': 'MAA51-C2', 'Alt-Svc': 'h3=":443"; ma=86400', 'X-Amz-Cf-Id': '6meQz097tgpYCOKbqAATvBqz_OZdYcTPRuUpkbt8bBY5h7B8oS5pNw=='}
2025-04-22 15:17:48,229 - ERROR - Login failed: Unable to detect dashboard redirect
2025-04-22 15:17:48,239 - ERROR - Failed to login to EarnKaro
2025-04-22 15:17:51,178 - INFO - Successfully initialized session with ek.affiliaters.in
2025-04-22 15:17:51,180 - INFO - Cache cleared before scraping
2025-04-22 15:17:51,180 - INFO - Attempting to login to ek.affiliaters.in...
2025-04-22 15:17:51,180 - INFO - Fetching login page: https://ek.affiliaters.in/login
2025-04-22 15:17:54,867 - ERROR - No login form found on the page
2025-04-22 15:17:54,867 - WARNING - No CSRF token found in the form
2025-04-22 15:17:54,867 - INFO - Submitting login form to: https://ek.affiliaters.in/login
2025-04-22 15:17:56,465 - INFO - Login response status code: 200
2025-04-22 15:17:56,465 - INFO - Login response URL: https://ek.affiliaters.in/login
2025-04-22 15:17:56,465 - INFO - Login response headers: {'Content-Type': 'text/html', 'Transfer-Encoding': 'chunked', 'Connection': 'keep-alive', 'Vary': 'Accept-Encoding', 'Date': 'Tue, 22 Apr 2025 09:47:58 GMT', 'server': 'AmazonS3', 'etag': 'W/"dea75f184973dd5752909ac9d46aee8f"', 'last-modified': 'Fri, 11 Apr 2025 06:41:25 GMT', 'cache-control': 'public, max-age=0, s-maxage=31536000', 'Content-Encoding': 'br', 'X-Cache': 'Miss from cloudfront', 'Via': '1.1 a31e172f989de4aca5679658a83c6312.cloudfront.net (CloudFront)', 'X-Amz-Cf-Pop': 'MAA51-C2', 'Alt-Svc': 'h3=":443"; ma=86400', 'X-Amz-Cf-Id': 'OrWSlWhPmaBzvk3IFPURdd82rfn5fU8BobabkwZPeQUVpnFdXTXuqg=='}
2025-04-22 15:17:56,466 - ERROR - Login failed: Unable to detect dashboard redirect
2025-04-22 15:17:56,474 - ERROR - Failed to login to EarnKaro
